This file contains any messages produced by compilers while
running configure, to aid debugging if configure makes a mistake.

It was created by softwareLab3 configure 1.0, which was
generated by GNU Autoconf 2.69.  Invocation command line was

  $ ../configure --srcdir=.. --prefix=/home/luthra/Documents/Eclipse_workspace/Two/build/softwarelab3-1.0/_inst

## --------- ##
## Platform. ##
## --------- ##

hostname = luthra
uname -m = x86_64
uname -r = 3.13.0-44-generic
uname -s = Linux
uname -v = #73-Ubuntu SMP Tue Dec 16 00:22:43 UTC 2014

/usr/bin/uname -p = unknown
/bin/uname -X     = unknown

/bin/arch              = unknown
/usr/bin/arch -k       = unknown
/usr/convex/getsysinfo = unknown
/usr/bin/hostinfo      = unknown
/bin/machine           = unknown
/usr/bin/oslevel       = unknown
/bin/universe          = unknown

PATH: /usr/local/sbin
PATH: /usr/local/bin
PATH: /usr/sbin
PATH: /usr/bin
PATH: /sbin
PATH: /bin
PATH: /usr/games
PATH: /usr/local/games


## ----------- ##
## Core tests. ##
## ----------- ##

configure:1865: checking for gcc
configure:1881: found /usr/bin/gcc
configure:1892: result: gcc
configure:2121: checking for C compiler version
configure:2130: gcc --version >&5
gcc (Ubuntu 4.8.2-19ubuntu1) 4.8.2
Copyright (C) 2013 Free Software Foundation, Inc.
This is free software; see the source for copying conditions.  There is NO
warranty; not even for MERCHANTABILITY or FITNESS FOR A PARTICULAR PURPOSE.

configure:2141: $? = 0
configure:2130: gcc -v >&5
Using built-in specs.
COLLECT_GCC=gcc
COLLECT_LTO_WRAPPER=/usr/lib/gcc/x86_64-linux-gnu/4.8/lto-wrapper
Target: x86_64-linux-gnu
Configured with: ../src/configure -v --with-pkgversion='Ubuntu 4.8.2-19ubuntu1' --with-bugurl=file:///usr/share/doc/gcc-4.8/README.Bugs --enable-languages=c,c++,java,go,d,fortran,objc,obj-c++ --prefix=/usr --program-suffix=-4.8 --enable-shared --enable-linker-build-id --libexecdir=/usr/lib --without-included-gettext --enable-threads=posix --with-gxx-include-dir=/usr/include/c++/4.8 --libdir=/usr/lib --enable-nls --with-sysroot=/ --enable-clocale=gnu --enable-libstdcxx-debug --enable-libstdcxx-time=yes --enable-gnu-unique-object --disable-libmudflap --enable-plugin --with-system-zlib --disable-browser-plugin --enable-java-awt=gtk --enable-gtk-cairo --with-java-home=/usr/lib/jvm/java-1.5.0-gcj-4.8-amd64/jre --enable-java-home --with-jvm-root-dir=/usr/lib/jvm/java-1.5.0-gcj-4.8-amd64 --with-jvm-jar-dir=/usr/lib/jvm-exports/java-1.5.0-gcj-4.8-amd64 --with-arch-directory=amd64 --with-ecj-jar=/usr/share/java/eclipse-ecj.jar --enable-objc-gc --enable-multiarch --disable-werror --with-arch-32=i686 --with-abi=m64 --with-multilib-list=m32,m64,mx32 --with-tune=generic --enable-checking=release --build=x86_64-linux-gnu --host=x86_64-linux-gnu --target=x86_64-linux-gnu
Thread model: posix
gcc version 4.8.2 (Ubuntu 4.8.2-19ubuntu1) 
configure:2141: $? = 0
configure:2130: gcc -V >&5
gcc: error: unrecognized command line option '-V'
gcc: fatal error: no input files
compilation terminated.
configure:2141: $? = 4
configure:2130: gcc -qversion >&5
gcc: error: unrecognized command line option '-qversion'
gcc: fatal error: no input files
compilation terminated.
configure:2141: $? = 4
configure:2161: checking whether the C compiler works
configure:2183: gcc    conftest.c  >&5
configure:2187: $? = 0
configure:2235: result: yes
configure:2238: checking for C compiler default output file name
configure:2240: result: a.out
configure:2246: checking for suffix of executables
configure:2253: gcc -o conftest    conftest.c  >&5
configure:2257: $? = 0
configure:2279: result: 
configure:2301: checking whether we are cross compiling
configure:2309: gcc -o conftest    conftest.c  >&5
configure:2313: $? = 0
configure:2320: ./conftest
configure:2324: $? = 0
configure:2339: result: no
configure:2344: checking for suffix of object files
configure:2366: gcc -c   conftest.c >&5
configure:2370: $? = 0
configure:2391: result: o
configure:2395: checking whether we are using the GNU C compiler
configure:2414: gcc -c   conftest.c >&5
configure:2414: $? = 0
configure:2423: result: yes
configure:2432: checking whether gcc accepts -g
configure:2452: gcc -c -g  conftest.c >&5
configure:2452: $? = 0
configure:2493: result: yes
configure:2510: checking for gcc option to accept ISO C89
configure:2573: gcc  -c -g -O2  conftest.c >&5
configure:2573: $? = 0
configure:2586: result: none needed
configure:2614: checking whether gcc understands -c and -o together
configure:2636: gcc -c conftest.c -o conftest2.o
configure:2639: $? = 0
configure:2636: gcc -c conftest.c -o conftest2.o
configure:2639: $? = 0
configure:2651: result: yes
configure:2684: checking for a BSD-compatible install
configure:2752: result: /usr/bin/install -c
configure:2763: checking whether build environment is sane
configure:2818: result: yes
configure:2966: checking for a thread-safe mkdir -p
configure:3005: result: /bin/mkdir -p
configure:3012: checking for gawk
configure:3028: found /usr/bin/gawk
configure:3039: result: gawk
configure:3050: checking whether make sets $(MAKE)
configure:3072: result: yes
configure:3102: checking for style of include used by make
configure:3130: result: GNU
configure:3164: checking whether make supports nested variables
configure:3181: result: yes
configure:3266: checking dependency style of gcc
configure:3377: result: gcc3
configure:3582: checking that generated files are newer than configure
configure:3588: result: done
configure:3611: creating ./config.status

## ---------------------- ##
## Running config.status. ##
## ---------------------- ##

This file was extended by softwareLab3 config.status 1.0, which was
generated by GNU Autoconf 2.69.  Invocation command line was

  CONFIG_FILES    = 
  CONFIG_HEADERS  = 
  CONFIG_LINKS    = 
  CONFIG_COMMANDS = 
  $ ./config.status 

on luthra

config.status:773: creating Makefile
config.status:773: creating src/Makefile
config.status:930: executing depfiles commands

## ---------------- ##
## Cache variables. ##
## ---------------- ##

ac_cv_c_compiler_gnu=yes
ac_cv_env_CC_set=
ac_cv_env_CC_value=
ac_cv_env_CFLAGS_set=
ac_cv_env_CFLAGS_value=
ac_cv_env_CPPFLAGS_set=
ac_cv_env_CPPFLAGS_value=
ac_cv_env_LDFLAGS_set=
ac_cv_env_LDFLAGS_value=
ac_cv_env_LIBS_set=
ac_cv_env_LIBS_value=
ac_cv_env_build_alias_set=
ac_cv_env_build_alias_value=
ac_cv_env_host_alias_set=
ac_cv_env_host_alias_value=
ac_cv_env_target_alias_set=
ac_cv_env_target_alias_value=
ac_cv_objext=o
ac_cv_path_install='/usr/bin/install -c'
ac_cv_path_mkdir=/bin/mkdir
ac_cv_prog_AWK=gawk
ac_cv_prog_ac_ct_CC=gcc
ac_cv_prog_cc_c89=
ac_cv_prog_cc_g=yes
ac_cv_prog_make_make_set=yes
am_cv_CC_dependencies_compiler_type=gcc3
am_cv_make_support_nested_variables=yes
am_cv_prog_cc_c_o=yes

## ----------------- ##
## Output variables. ##
## ----------------- ##

ACLOCAL='${SHELL} /home/luthra/Documents/Eclipse_workspace/Two/build/softwarelab3-1.0/config/missing aclocal-1.14'
AMDEPBACKSLASH='\'
AMDEP_FALSE='#'
AMDEP_TRUE=''
AMTAR='$${TAR-tar}'
AM_BACKSLASH='\'
AM_DEFAULT_V='$(AM_DEFAULT_VERBOSITY)'
AM_DEFAULT_VERBOSITY='1'
AM_V='$(V)'
AUTOCONF='${SHELL} /home/luthra/Documents/Eclipse_workspace/Two/build/softwarelab3-1.0/config/missing autoconf'
AUTOHEADER='${SHELL} /home/luthra/Documents/Eclipse_workspace/Two/build/softwarelab3-1.0/config/missing autoheader'
AUTOMAKE='${SHELL} /home/luthra/Documents/Eclipse_workspace/Two/build/softwarelab3-1.0/config/missing automake-1.14'
AWK='gawk'
CC='gcc'
CCDEPMODE='depmode=gcc3'
CFLAGS='-g -O2'
CPPFLAGS=''
CYGPATH_W='echo'
DEFS='-DPACKAGE_NAME=\"softwareLab3\" -DPACKAGE_TARNAME=\"softwarelab3\" -DPACKAGE_VERSION=\"1.0\" -DPACKAGE_STRING=\"softwareLab3\ 1.0\" -DPACKAGE_BUGREPORT=\"luthra.sunny5@gmail.com\" -DPACKAGE_URL=\"\" -DPACKAGE=\"softwarelab3\" -DVERSION=\"1.0\"'
DEPDIR='.deps'
ECHO_C=''
ECHO_N='-n'
ECHO_T=''
EXEEXT=''
INSTALL_DATA='${INSTALL} -m 644'
INSTALL_PROGRAM='${INSTALL}'
INSTALL_SCRIPT='${INSTALL}'
INSTALL_STRIP_PROGRAM='$(install_sh) -c -s'
LDFLAGS=''
LIBOBJS=''
LIBS=''
LTLIBOBJS=''
MAKEINFO='${SHELL} /home/luthra/Documents/Eclipse_workspace/Two/build/softwarelab3-1.0/config/missing makeinfo'
MKDIR_P='/bin/mkdir -p'
OBJEXT='o'
PACKAGE='softwarelab3'
PACKAGE_BUGREPORT='luthra.sunny5@gmail.com'
PACKAGE_NAME='softwareLab3'
PACKAGE_STRING='softwareLab3 1.0'
PACKAGE_TARNAME='softwarelab3'
PACKAGE_URL=''
PACKAGE_VERSION='1.0'
PATH_SEPARATOR=':'
SET_MAKE=''
SHELL='/bin/bash'
STRIP=''
VERSION='1.0'
ac_ct_CC='gcc'
am__EXEEXT_FALSE=''
am__EXEEXT_TRUE='#'
am__fastdepCC_FALSE='#'
am__fastdepCC_TRUE=''
am__include='include'
am__isrc=' -I$(srcdir)'
am__leading_dot='.'
am__nodep='_no'
am__quote=''
am__tar='$${TAR-tar} chof - "$$tardir"'
am__untar='$${TAR-tar} xf -'
bindir='${exec_prefix}/bin'
build_alias=''
datadir='${datarootdir}'
datarootdir='${prefix}/share'
docdir='${datarootdir}/doc/${PACKAGE_TARNAME}'
dvidir='${docdir}'
exec_prefix='${prefix}'
host_alias=''
htmldir='${docdir}'
includedir='${prefix}/include'
infodir='${datarootdir}/info'
install_sh='${SHELL} /home/luthra/Documents/Eclipse_workspace/Two/build/softwarelab3-1.0/config/install-sh'
libdir='${exec_prefix}/lib'
libexecdir='${exec_prefix}/libexec'
localedir='${datarootdir}/locale'
localstatedir='${prefix}/var'
mandir='${datarootdir}/man'
mkdir_p='$(MKDIR_P)'
oldincludedir='/usr/include'
pdfdir='${docdir}'
prefix='/home/luthra/Documents/Eclipse_workspace/Two/build/softwarelab3-1.0/_inst'
program_transform_name='s,x,x,'
psdir='${docdir}'
sbindir='${exec_prefix}/sbin'
sharedstatedir='${prefix}/com'
sysconfdir='${prefix}/etc'
target_alias=''

## ----------- ##
## confdefs.h. ##
## ----------- ##

/* confdefs.h */
#define PACKAGE_NAME "softwareLab3"
#define PACKAGE_TARNAME "softwarelab3"
#define PACKAGE_VERSION "1.0"
#define PACKAGE_STRING "softwareLab3 1.0"
#define PACKAGE_BUGREPORT "luthra.sunny5@gmail.com"
#define PACKAGE_URL ""
#define PACKAGE "softwarelab3"
#define VERSION "1.0"

configure: exit 0
