\BOOKMARK [0][-]{chapter.1}{\376\377\000F\000i\000l\000e\000\040\000I\000n\000d\000e\000x}{}% 1
\BOOKMARK [1][-]{section.1.1}{\376\377\000F\000i\000l\000e\000\040\000L\000i\000s\000t}{chapter.1}% 2
\BOOKMARK [0][-]{chapter.2}{\376\377\000F\000i\000l\000e\000\040\000D\000o\000c\000u\000m\000e\000n\000t\000a\000t\000i\000o\000n}{}% 3
\BOOKMARK [1][-]{section.2.1}{\376\377\000n\000e\000w\000.\000c\000\040\000F\000i\000l\000e\000\040\000R\000e\000f\000e\000r\000e\000n\000c\000e}{chapter.2}% 4
\BOOKMARK [2][-]{subsection.2.1.1}{\376\377\000M\000a\000c\000r\000o\000\040\000D\000e\000f\000i\000n\000i\000t\000i\000o\000n\000\040\000D\000o\000c\000u\000m\000e\000n\000t\000a\000t\000i\000o\000n}{section.2.1}% 5
\BOOKMARK [3][-]{subsubsection.2.1.1.1}{\376\377\000n\000u\000m\000b\000e\000r}{subsection.2.1.1}% 6
\BOOKMARK [2][-]{subsection.2.1.2}{\376\377\000F\000u\000n\000c\000t\000i\000o\000n\000\040\000D\000o\000c\000u\000m\000e\000n\000t\000a\000t\000i\000o\000n}{section.2.1}% 7
\BOOKMARK [3][-]{subsubsection.2.1.2.1}{\376\377\000c\000r\000e\000a\000t\000e}{subsection.2.1.2}% 8
\BOOKMARK [3][-]{subsubsection.2.1.2.2}{\376\377\000m\000a\000i\000n}{subsection.2.1.2}% 9
\BOOKMARK [3][-]{subsubsection.2.1.2.3}{\376\377\000s\000e\000t\000s}{subsection.2.1.2}% 10
\BOOKMARK [1][-]{section.2.2}{\376\377\000n\000e\000w\0002\000.\000c\000\040\000F\000i\000l\000e\000\040\000R\000e\000f\000e\000r\000e\000n\000c\000e}{chapter.2}% 11
\BOOKMARK [2][-]{subsection.2.2.1}{\376\377\000M\000a\000c\000r\000o\000\040\000D\000e\000f\000i\000n\000i\000t\000i\000o\000n\000\040\000D\000o\000c\000u\000m\000e\000n\000t\000a\000t\000i\000o\000n}{section.2.2}% 12
\BOOKMARK [3][-]{subsubsection.2.2.1.1}{\376\377\000n\000u\000m\000b\000e\000r}{subsection.2.2.1}% 13
\BOOKMARK [2][-]{subsection.2.2.2}{\376\377\000F\000u\000n\000c\000t\000i\000o\000n\000\040\000D\000o\000c\000u\000m\000e\000n\000t\000a\000t\000i\000o\000n}{section.2.2}% 14
\BOOKMARK [3][-]{subsubsection.2.2.2.1}{\376\377\000c\000o\000m\000p\000a\000r\000e}{subsection.2.2.2}% 15
\BOOKMARK [3][-]{subsubsection.2.2.2.2}{\376\377\000c\000r\000e\000a\000t\000e}{subsection.2.2.2}% 16
\BOOKMARK [3][-]{subsubsection.2.2.2.3}{\376\377\000m\000a\000i\000n}{subsection.2.2.2}% 17
\BOOKMARK [3][-]{subsubsection.2.2.2.4}{\376\377\000s\000e\000t\000s}{subsection.2.2.2}% 18
\BOOKMARK [2][-]{subsection.2.2.3}{\376\377\000V\000a\000r\000i\000a\000b\000l\000e\000\040\000D\000o\000c\000u\000m\000e\000n\000t\000a\000t\000i\000o\000n}{section.2.2}% 19
\BOOKMARK [3][-]{subsubsection.2.2.3.1}{\376\377\000b\000a\000s\000e}{subsection.2.2.3}% 20
\BOOKMARK [3][-]{subsubsection.2.2.3.2}{\376\377\000c\000o\000u\000n\000t}{subsection.2.2.3}% 21
\BOOKMARK [1][-]{section.2.3}{\376\377\000n\000e\000w\0003\000.\000c\000\040\000F\000i\000l\000e\000\040\000R\000e\000f\000e\000r\000e\000n\000c\000e}{chapter.2}% 22
\BOOKMARK [2][-]{subsection.2.3.1}{\376\377\000M\000a\000c\000r\000o\000\040\000D\000e\000f\000i\000n\000i\000t\000i\000o\000n\000\040\000D\000o\000c\000u\000m\000e\000n\000t\000a\000t\000i\000o\000n}{section.2.3}% 23
\BOOKMARK [3][-]{subsubsection.2.3.1.1}{\376\377\000n\000u\000m\000b\000e\000r}{subsection.2.3.1}% 24
\BOOKMARK [2][-]{subsection.2.3.2}{\376\377\000F\000u\000n\000c\000t\000i\000o\000n\000\040\000D\000o\000c\000u\000m\000e\000n\000t\000a\000t\000i\000o\000n}{section.2.3}% 25
\BOOKMARK [3][-]{subsubsection.2.3.2.1}{\376\377\000c\000o\000m\000p\000a\000r\000e}{subsection.2.3.2}% 26
\BOOKMARK [3][-]{subsubsection.2.3.2.2}{\376\377\000c\000r\000e\000a\000t\000e}{subsection.2.3.2}% 27
\BOOKMARK [3][-]{subsubsection.2.3.2.3}{\376\377\000m\000a\000i\000n}{subsection.2.3.2}% 28
\BOOKMARK [3][-]{subsubsection.2.3.2.4}{\376\377\000s\000e\000t\000s}{subsection.2.3.2}% 29
\BOOKMARK [2][-]{subsection.2.3.3}{\376\377\000V\000a\000r\000i\000a\000b\000l\000e\000\040\000D\000o\000c\000u\000m\000e\000n\000t\000a\000t\000i\000o\000n}{section.2.3}% 30
\BOOKMARK [3][-]{subsubsection.2.3.3.1}{\376\377\000b\000a\000s\000e}{subsection.2.3.3}% 31
\BOOKMARK [3][-]{subsubsection.2.3.3.2}{\376\377\000c\000o\000u\000n\000t}{subsection.2.3.3}% 32
\BOOKMARK [1][-]{section.2.4}{\376\377\000n\000e\000w\000\137\000a\000s\000t\000y\000l\000e\000.\000c\000\040\000F\000i\000l\000e\000\040\000R\000e\000f\000e\000r\000e\000n\000c\000e}{chapter.2}% 33
\BOOKMARK [2][-]{subsection.2.4.1}{\376\377\000M\000a\000c\000r\000o\000\040\000D\000e\000f\000i\000n\000i\000t\000i\000o\000n\000\040\000D\000o\000c\000u\000m\000e\000n\000t\000a\000t\000i\000o\000n}{section.2.4}% 34
\BOOKMARK [3][-]{subsubsection.2.4.1.1}{\376\377\000n\000u\000m\000b\000e\000r}{subsection.2.4.1}% 35
\BOOKMARK [2][-]{subsection.2.4.2}{\376\377\000F\000u\000n\000c\000t\000i\000o\000n\000\040\000D\000o\000c\000u\000m\000e\000n\000t\000a\000t\000i\000o\000n}{section.2.4}% 36
\BOOKMARK [3][-]{subsubsection.2.4.2.1}{\376\377\000c\000r\000e\000a\000t\000e}{subsection.2.4.2}% 37
\BOOKMARK [3][-]{subsubsection.2.4.2.2}{\376\377\000m\000a\000i\000n}{subsection.2.4.2}% 38
\BOOKMARK [3][-]{subsubsection.2.4.2.3}{\376\377\000s\000e\000t\000s}{subsection.2.4.2}% 39
\BOOKMARK [0][-]{section*.12}{\376\377\000I\000n\000d\000e\000x}{}% 40
